2022/10/04 06:16:17 [notice] 1#1: using the "epoll" event method
2022/10/04 06:16:17 [notice] 1#1: nginx/1.23.1
2022/10/04 06:16:17 [notice] 1#1: built by gcc 10.2.1 20210110 (Debian 10.2.1-6) 
2022/10/04 06:16:17 [notice] 1#1: OS: Linux 5.10.16.3-microsoft-standard-WSL2
2022/10/04 06:16:17 [notice] 1#1: getrlimit(RLIMIT_NOFILE): 1048576:1048576
2022/10/04 06:16:17 [notice] 1#1: start worker processes
2022/10/04 06:16:17 [notice] 1#1: start worker process 31
2022/10/04 06:16:17 [notice] 1#1: start worker process 32
2022/10/04 06:16:17 [notice] 1#1: start worker process 33
2022/10/04 06:16:17 [notice] 1#1: start worker process 34
2022/10/04 06:16:17 [notice] 1#1: start worker process 35
2022/10/04 06:16:17 [notice] 1#1: start worker process 36
2022/10/04 06:16:17 [notice] 1#1: start worker process 37
2022/10/04 06:16:17 [notice] 1#1: start worker process 38
2022/10/04 06:16:17 [notice] 1#1: start worker process 39
2022/10/04 06:16:17 [notice] 1#1: start worker process 40
2022/10/04 06:16:17 [notice] 1#1: start worker process 41
2022/10/04 06:16:17 [notice] 1#1: start worker process 42
2022/10/04 06:19:40 [notice] 1#1: signal 3 (SIGQUIT) received, shutting down
2022/10/04 06:19:40 [notice] 31#31: gracefully shutting down
2022/10/04 06:19:40 [notice] 32#32: gracefully shutting down
2022/10/04 06:19:40 [notice] 33#33: gracefully shutting down
2022/10/04 06:19:40 [notice] 34#34: gracefully shutting down
2022/10/04 06:19:40 [notice] 35#35: gracefully shutting down
2022/10/04 06:19:40 [notice] 38#38: gracefully shutting down
2022/10/04 06:19:40 [notice] 39#39: gracefully shutting down
2022/10/04 06:19:40 [notice] 37#37: gracefully shutting down
2022/10/04 06:19:40 [notice] 36#36: gracefully shutting down
2022/10/04 06:19:40 [notice] 40#40: gracefully shutting down
2022/10/04 06:19:40 [notice] 42#42: gracefully shutting down
2022/10/04 06:19:40 [notice] 41#41: gracefully shutting down
2022/10/04 06:19:40 [notice] 31#31: exiting
2022/10/04 06:19:40 [notice] 32#32: exiting
2022/10/04 06:19:40 [notice] 33#33: exiting
2022/10/04 06:19:40 [notice] 34#34: exiting
2022/10/04 06:19:40 [notice] 35#35: exiting
2022/10/04 06:19:40 [notice] 38#38: exiting
2022/10/04 06:19:40 [notice] 39#39: exiting
2022/10/04 06:19:40 [notice] 37#37: exiting
2022/10/04 06:19:40 [notice] 36#36: exiting
2022/10/04 06:19:40 [notice] 40#40: exiting
2022/10/04 06:19:40 [notice] 42#42: exiting
2022/10/04 06:19:40 [notice] 41#41: exiting
2022/10/04 06:19:40 [notice] 31#31: exit
2022/10/04 06:19:40 [notice] 32#32: exit
2022/10/04 06:19:40 [notice] 33#33: exit
2022/10/04 06:19:40 [notice] 34#34: exit
2022/10/04 06:19:40 [notice] 35#35: exit
2022/10/04 06:19:40 [notice] 38#38: exit
2022/10/04 06:19:40 [notice] 39#39: exit
2022/10/04 06:19:40 [notice] 37#37: exit
2022/10/04 06:19:40 [notice] 36#36: exit
2022/10/04 06:19:40 [notice] 40#40: exit
2022/10/04 06:19:40 [notice] 42#42: exit
2022/10/04 06:19:40 [notice] 41#41: exit
2022/10/04 06:19:40 [notice] 1#1: signal 17 (SIGCHLD) received from 41
2022/10/04 06:19:40 [notice] 1#1: worker process 39 exited with code 0
2022/10/04 06:19:40 [notice] 1#1: worker process 41 exited with code 0
2022/10/04 06:19:40 [notice] 1#1: signal 29 (SIGIO) received
2022/10/04 06:19:40 [notice] 1#1: signal 17 (SIGCHLD) received from 42
2022/10/04 06:19:40 [notice] 1#1: worker process 31 exited with code 0
2022/10/04 06:19:40 [notice] 1#1: worker process 33 exited with code 0
2022/10/04 06:19:40 [notice] 1#1: worker process 35 exited with code 0
2022/10/04 06:19:40 [notice] 1#1: worker process 37 exited with code 0
2022/10/04 06:19:40 [notice] 1#1: worker process 38 exited with code 0
2022/10/04 06:19:40 [notice] 1#1: worker process 40 exited with code 0
2022/10/04 06:19:40 [notice] 1#1: worker process 42 exited with code 0
2022/10/04 06:19:40 [notice] 1#1: signal 29 (SIGIO) received
2022/10/04 06:19:40 [notice] 1#1: signal 17 (SIGCHLD) received from 38
2022/10/04 06:19:40 [notice] 1#1: signal 17 (SIGCHLD) received from 32
2022/10/04 06:19:40 [notice] 1#1: worker process 32 exited with code 0
2022/10/04 06:19:40 [notice] 1#1: signal 29 (SIGIO) received
2022/10/04 06:19:40 [notice] 1#1: signal 17 (SIGCHLD) received from 36
2022/10/04 06:19:40 [notice] 1#1: worker process 34 exited with code 0
2022/10/04 06:19:40 [notice] 1#1: worker process 36 exited with code 0
2022/10/04 06:19:40 [notice] 1#1: exit
2022/10/12 10:00:48 [notice] 1#1: using the "epoll" event method
2022/10/12 10:00:48 [notice] 1#1: nginx/1.23.1
2022/10/12 10:00:48 [notice] 1#1: built by gcc 10.2.1 20210110 (Debian 10.2.1-6) 
2022/10/12 10:00:48 [notice] 1#1: OS: Linux 4.15.0-58-generic
2022/10/12 10:00:48 [notice] 1#1: getrlimit(RLIMIT_NOFILE): 1048576:1048576
2022/10/12 10:00:48 [notice] 1#1: start worker processes
2022/10/12 10:00:48 [notice] 1#1: start worker process 31
2022/10/12 10:01:18 [error] 31#31: *1 open() "/usr/share/nginx/html/favicon.ico" failed (2: No such file or directory), client: 192.168.128.1, server: localhost, request: "GET /favicon.ico HTTP/1.1", host: "192.168.128.145", referrer: "http://192.168.128.145/"
2022/10/13 05:29:59 [notice] 1#1: using the "epoll" event method
2022/10/13 05:29:59 [notice] 1#1: nginx/1.23.1
2022/10/13 05:29:59 [notice] 1#1: built by gcc 10.2.1 20210110 (Debian 10.2.1-6) 
2022/10/13 05:29:59 [notice] 1#1: OS: Linux 4.15.0-58-generic
2022/10/13 05:29:59 [notice] 1#1: getrlimit(RLIMIT_NOFILE): 1048576:1048576
2022/10/13 05:29:59 [notice] 1#1: start worker processes
2022/10/13 05:29:59 [notice] 1#1: start worker process 31
2022/10/13 05:31:40 [error] 31#31: *1 open() "/usr/share/nginx/html/favicon.ico" failed (2: No such file or directory), client: 192.168.128.1, server: localhost, request: "GET /favicon.ico HTTP/1.1", host: "192.168.128.145", referrer: "http://192.168.128.145/"
2022/10/13 05:49:29 [notice] 1#1: using the "epoll" event method
2022/10/13 05:49:29 [notice] 1#1: nginx/1.23.1
2022/10/13 05:49:29 [notice] 1#1: built by gcc 10.2.1 20210110 (Debian 10.2.1-6) 
2022/10/13 05:49:29 [notice] 1#1: OS: Linux 4.15.0-58-generic
2022/10/13 05:49:29 [notice] 1#1: getrlimit(RLIMIT_NOFILE): 1048576:1048576
2022/10/13 05:49:29 [notice] 1#1: start worker processes
2022/10/13 05:49:29 [notice] 1#1: start worker process 30
2022/10/13 06:06:25 [notice] 1#1: using the "epoll" event method
2022/10/13 06:06:25 [notice] 1#1: nginx/1.23.1
2022/10/13 06:06:25 [notice] 1#1: built by gcc 10.2.1 20210110 (Debian 10.2.1-6) 
2022/10/13 06:06:25 [notice] 1#1: OS: Linux 4.15.0-58-generic
2022/10/13 06:06:25 [notice] 1#1: getrlimit(RLIMIT_NOFILE): 1048576:1048576
2022/10/13 06:06:25 [notice] 1#1: start worker processes
2022/10/13 06:06:25 [notice] 1#1: start worker process 31
2022/10/13 06:10:30 [notice] 1#1: signal 3 (SIGQUIT) received, shutting down
2022/10/13 06:10:30 [notice] 31#31: gracefully shutting down
2022/10/13 06:10:30 [notice] 31#31: exiting
2022/10/13 06:10:30 [notice] 31#31: exit
2022/10/13 06:10:30 [notice] 1#1: signal 17 (SIGCHLD) received from 31
2022/10/13 06:10:30 [notice] 1#1: worker process 31 exited with code 0
2022/10/13 06:10:30 [notice] 1#1: exit
2022/10/13 06:10:31 [notice] 1#1: using the "epoll" event method
2022/10/13 06:10:31 [notice] 1#1: nginx/1.23.1
2022/10/13 06:10:31 [notice] 1#1: built by gcc 10.2.1 20210110 (Debian 10.2.1-6) 
2022/10/13 06:10:31 [notice] 1#1: OS: Linux 4.15.0-58-generic
2022/10/13 06:10:31 [notice] 1#1: getrlimit(RLIMIT_NOFILE): 1048576:1048576
2022/10/13 06:10:31 [notice] 1#1: start worker processes
2022/10/13 06:10:31 [notice] 1#1: start worker process 30
2022/10/13 07:11:57 [notice] 1#1: using the "epoll" event method
2022/10/13 07:11:57 [notice] 1#1: nginx/1.23.1
2022/10/13 07:11:57 [notice] 1#1: built by gcc 10.2.1 20210110 (Debian 10.2.1-6) 
2022/10/13 07:11:57 [notice] 1#1: OS: Linux 4.15.0-58-generic
2022/10/13 07:11:57 [notice] 1#1: getrlimit(RLIMIT_NOFILE): 1048576:1048576
2022/10/13 07:11:57 [notice] 1#1: start worker processes
2022/10/13 07:11:57 [notice] 1#1: start worker process 31
2022/10/13 07:23:02 [notice] 1#1: signal 3 (SIGQUIT) received, shutting down
2022/10/13 07:23:02 [notice] 31#31: gracefully shutting down
2022/10/13 07:23:02 [notice] 31#31: exiting
2022/10/13 07:23:02 [notice] 31#31: exit
2022/10/13 07:23:02 [notice] 1#1: signal 17 (SIGCHLD) received from 31
2022/10/13 07:23:02 [notice] 1#1: worker process 31 exited with code 0
2022/10/13 07:23:02 [notice] 1#1: exit
2022/10/13 07:23:04 [notice] 1#1: using the "epoll" event method
2022/10/13 07:23:04 [notice] 1#1: nginx/1.23.1
2022/10/13 07:23:04 [notice] 1#1: built by gcc 10.2.1 20210110 (Debian 10.2.1-6) 
2022/10/13 07:23:04 [notice] 1#1: OS: Linux 4.15.0-58-generic
2022/10/13 07:23:04 [notice] 1#1: getrlimit(RLIMIT_NOFILE): 1048576:1048576
2022/10/13 07:23:04 [notice] 1#1: start worker processes
2022/10/13 07:23:04 [notice] 1#1: start worker process 30
2022/10/13 07:58:13 [notice] 1#1: using the "epoll" event method
2022/10/13 07:58:13 [notice] 1#1: nginx/1.23.1
2022/10/13 07:58:13 [notice] 1#1: built by gcc 10.2.1 20210110 (Debian 10.2.1-6) 
2022/10/13 07:58:13 [notice] 1#1: OS: Linux 4.15.0-58-generic
2022/10/13 07:58:13 [notice] 1#1: getrlimit(RLIMIT_NOFILE): 1048576:1048576
2022/10/13 07:58:13 [notice] 1#1: start worker processes
2022/10/13 07:58:13 [notice] 1#1: start worker process 31
2022/10/13 08:05:44 [notice] 1#1: signal 3 (SIGQUIT) received, shutting down
2022/10/13 08:05:44 [notice] 31#31: gracefully shutting down
2022/10/13 08:05:44 [notice] 31#31: exiting
2022/10/13 08:05:44 [notice] 31#31: exit
2022/10/13 08:05:44 [notice] 1#1: signal 17 (SIGCHLD) received from 31
2022/10/13 08:05:44 [notice] 1#1: worker process 31 exited with code 0
2022/10/13 08:05:44 [notice] 1#1: exit
2022/10/13 08:05:46 [notice] 1#1: using the "epoll" event method
2022/10/13 08:05:46 [notice] 1#1: nginx/1.23.1
2022/10/13 08:05:46 [notice] 1#1: built by gcc 10.2.1 20210110 (Debian 10.2.1-6) 
2022/10/13 08:05:46 [notice] 1#1: OS: Linux 4.15.0-58-generic
2022/10/13 08:05:46 [notice] 1#1: getrlimit(RLIMIT_NOFILE): 1048576:1048576
2022/10/13 08:05:46 [notice] 1#1: start worker processes
2022/10/13 08:05:46 [notice] 1#1: start worker process 30
